Exception in thread "main" java.lang.ExceptionInInitializerError
	at edf.missingdataload.FindAndLoadMissingRecords$.<init>(FindAndLoadMissingRecords.scala:26)
	at edf.missingdataload.FindAndLoadMissingRecords$.<clinit>(FindAndLoadMissingRecords.scala)
	at edf.missingdataload.FindAndLoadMissingRecords.main(FindAndLoadMissingRecords.scala)
	at sun.reflect.NativeMethodAccessorImpl.invoke0(Native Method)
	at sun.reflect.NativeMethodAccessorImpl.invoke(NativeMethodAccessorImpl.java:62)
	at sun.reflect.DelegatingMethodAccessorImpl.invoke(DelegatingMethodAccessorImpl.java:43)
	at java.lang.reflect.Method.invoke(Method.java:498)
	at org.apache.spark.deploy.JavaMainApplication.start(SparkApplication.scala:52)
	at org.apache.spark.deploy.SparkSubmit.org$apache$spark$deploy$SparkSubmit$$runMain(SparkSubmit.scala:849)
	at org.apache.spark.deploy.SparkSubmit.doRunMain$1(SparkSubmit.scala:167)
	at org.apache.spark.deploy.SparkSubmit.submit(SparkSubmit.scala:195)
	at org.apache.spark.deploy.SparkSubmit.doSubmit(SparkSubmit.scala:86)
	at org.apache.spark.deploy.SparkSubmit$$anon$2.doSubmit(SparkSubmit.scala:924)
	at org.apache.spark.deploy.SparkSubmit$.main(SparkSubmit.scala:933)
	at org.apache.spark.deploy.SparkSubmit.main(SparkSubmit.scala)
Caused by: java.io.FileNotFoundException: diProperties.properties (No such file or directory)
	at java.io.FileInputStream.open0(Native Method)
	at java.io.FileInputStream.open(FileInputStream.java:195)
	at java.io.FileInputStream.<init>(FileInputStream.java:138)
	at scala.io.Source$.fromFile(Source.scala:91)
	at scala.io.Source$.fromFile(Source.scala:76)
	at scala.io.Source$.fromFile(Source.scala:54)
	at edf.utilities.sqlQueryParserFromCSV$.getPropertyFile(sqlQueryParserFromCSV.scala:47)
	at edf.dataingestion.package$.<init>(dataingestion.scala:60)
	at edf.dataingestion.package$.<clinit>(dataingestion.scala)
	... 15 more
19/11/08 08:10:08 INFO ShutdownHookManager: Shutdown hook called
19/11/08 08:10:08 INFO ShutdownHookManager: Deleting directory /mnt/tmp/spark-c5a1cd19-11cc-41ac-a48a-21d91b076eb3
